kotlin version: 2.0.0
error message: java.lang.IllegalStateException: Internal error: cannot find external signature '[ com.vnteam.architecturetemplates.presentation.resources/com_vnteam_architecturetemplates_presentation_resources_StringResources$stableprop|-5081583477399748728[0] <- Local[<BF>|FIELD name:androidx_compose_runtime_ProvidedValue$stable type:kotlin.Int visibility:public [final,static]] ]' for name 'com_vnteam_architecturetemplates_presentation_resources_StringResources$stable' in module kotlin_Android_Architecture_Templates_composeWebApp
	at org.jetbrains.kotlin.ir.backend.js.transformers.irToJs.CrossModuleDependenciesResolver.resolveCrossModuleDependencies(JsIrProgramFragment.kt:137)
	at org.jetbrains.kotlin.ir.backend.js.ic.JsExecutableProducer.buildMultiArtifactExecutable(JsExecutableProducer.kt:63)
	at org.jetbrains.kotlin.ir.backend.js.ic.JsExecutableProducer.buildExecutable(JsExecutableProducer.kt:36)
	at org.jetbrains.kotlin.cli.js.K2JsIrCompiler.doExecute(K2JsIrCompiler.kt:358)
	at org.jetbrains.kotlin.cli.js.K2JSCompiler.doExecute(K2JSCompiler.java:109)
	at org.jetbrains.kotlin.cli.js.K2JSCompiler.doExecute(K2JSCompiler.java:72)
	at org.jetbrains.kotlin.cli.common.CLICompiler.execImpl(CLICompiler.kt:104)
	at org.jetbrains.kotlin.cli.common.CLICompiler.execImpl(CLICompiler.kt:48)
	at org.jetbrains.kotlin.cli.common.CLITool.exec(CLITool.kt:101)
	at org.jetbrains.kotlin.daemon.CompileServiceImpl.compile(CompileServiceImpl.kt:1556)
	at jdk.internal.reflect.GeneratedMethodAccessor12.invoke(Unknown Source)
	at java.base/jdk.internal.reflect.DelegatingMethodAccessorImpl.invoke(Unknown Source)
	at java.base/java.lang.reflect.Method.invoke(Unknown Source)
	at java.rmi/sun.rmi.server.UnicastServerRef.dispatch(Unknown Source)
	at java.rmi/sun.rmi.transport.Transport$1.run(Unknown Source)
	at java.rmi/sun.rmi.transport.Transport$1.run(Unknown Source)
	at java.base/java.security.AccessController.doPrivileged(Unknown Source)
	at java.rmi/sun.rmi.transport.Transport.serviceCall(Unknown Source)
	at java.rmi/sun.rmi.transport.tcp.TCPTransport.handleMessages(Unknown Source)
	at java.rmi/sun.rmi.transport.tcp.TCPTransport$ConnectionHandler.run0(Unknown Source)
	at java.rmi/sun.rmi.transport.tcp.TCPTransport$ConnectionHandler.lambda$run$0(Unknown Source)
	at java.base/java.security.AccessController.doPrivileged(Unknown Source)
	at java.rmi/sun.rmi.transport.tcp.TCPTransport$ConnectionHandler.run(Unknown Source)
	at java.base/java.util.concurrent.ThreadPoolExecutor.runWorker(Unknown Source)
	at java.base/java.util.concurrent.ThreadPoolExecutor$Worker.run(Unknown Source)
	at java.base/java.lang.Thread.run(Unknown Source)


